Build started 2015/4/9 下午 04:35:09.
     1>Project "C:\Users\John\Documents\Visual Studio 2010\Projects\OpenCV_test\OpenCV_test\OpenCV_test.vcxproj" on node 2 (build target(s)).
     1>InitializeBuildStatus:
         Touching "Debug\OpenCV_test.unsuccessfulbuild".
       ClCompile:
         All outputs are up-to-date.
         All outputs are up-to-date.
       ManifestResourceCompile:
         All outputs are up-to-date.
       Link:
         C:\Program Files (x86)\Microsoft Visual Studio 10.0\VC\bin\link.exe /ERRORREPORT:PROMPT /OUT:"C:\Users\John\Documents\Visual Studio 2010\Projects\OpenCV_test\Debug\OpenCV_test.exe" /INCREMENTAL /NOLOGO /LIBPATH:C:\Users\John\Downloads\opencv\build\x64\vc10\lib opencv_core249d.lib opencv_imgproc249d.lib opencv_highgui249d.lib opencv_ml249d.lib opencv_video249d.lib opencv_features2d249d.lib opencv_calib3d249d.lib opencv_objdetect249d.lib opencv_contrib249d.lib opencv_legacy249d.lib opencv_flann249d.lib kernel32.lib user32.lib gdi32.lib winspool.lib comdlg32.lib advapi32.lib shell32.lib ole32.lib oleaut32.lib uuid.lib odbc32.lib odbccp32.lib /MANIFEST /ManifestFile:"Debug\OpenCV_test.exe.intermediate.manifest" /MANIFESTUAC:"level='asInvoker' uiAccess='false'" /DEBUG /PDB:"C:\Users\John\Documents\Visual Studio 2010\Projects\OpenCV_test\Debug\OpenCV_test.pdb" /SUBSYSTEM:CONSOLE /TLBID:1 /DYNAMICBASE /NXCOMPAT /IMPLIB:"C:\Users\John\Documents\Visual Studio 2010\Projects\OpenCV_test\Debug\OpenCV_test.lib" /MACHINE:X64 Debug\OpenCV_test.exe.embed.manifest.res
         Debug\OpenCV_test.obj
         Debug\stdafx.obj
     1>Debug\OpenCV_test.obj : fatal error LNK1112: module machine type 'X86' conflicts with target machine type 'x64'
     1>Done Building Project "C:\Users\John\Documents\Visual Studio 2010\Projects\OpenCV_test\OpenCV_test\OpenCV_test.vcxproj" (build target(s)) -- FAILED.

Build FAILED.

Time Elapsed 00:00:00.05
